<?xml version="1.0" encoding="UTF-8"?>
<!-- Generated by org.testng.reporters.JUnitReportReporter -->
<testsuite hostname="LAPTOP-HQBDKGDN" failures="0" tests="3" name="com.crm.qa.tests.LoginPageTest" time="36.292" errors="0" timestamp="2021-11-12T13:46:26 IST" skipped="0">
  <testcase classname="com.crm.qa.tests.LoginPageTest" name="loginPageTitleTest" time="13.028"/>
  <system-out/>
  <testcase classname="com.crm.qa.tests.LoginPageTest" name="loginPageLogoTest" time="6.920"/>
  <system-out/>
  <testcase classname="com.crm.qa.tests.LoginPageTest" name="loginPageLoginTest" time="16.344"/>
  <system-out/>
</testsuite> <!-- com.crm.qa.tests.LoginPageTest -->
