<?xml version="1.0" encoding="UTF-8"?>
<!-- Generated by org.testng.reporters.JUnitReportReporter -->
<testsuite hostname="LAPTOP-HQBDKGDN" failures="0" tests="1" name="com.crm.qa.tests.FailedTestCases" time="0.035" errors="0" timestamp="2021-11-10T19:45:16 IST" skipped="0">
  <testcase classname="com.crm.qa.tests.FailedTestCases" name="failedMethods" time="0.035"/>
  <system-out/>
</testsuite> <!-- com.crm.qa.tests.FailedTestCases -->
